Determining if the pthread_create exist failed with the following output:
Change Dir: /home/natanno4/Desktop/project/ex4/Nirnnat/cmake-build-debug/CMakeFiles/CMakeTmp

Run Build Command:"/usr/bin/make" "cmTC_d53ce/fast"
/usr/bin/make -f CMakeFiles/cmTC_d53ce.dir/build.make CMakeFiles/cmTC_d53ce.dir/build
make[1]: Entering directory '/home/natanno4/Desktop/project/ex4/Nirnnat/cmake-build-debug/CMakeFiles/CMakeTmp'
Building C object CMakeFiles/cmTC_d53ce.dir/CheckSymbolExists.c.o
/usr/bin/cc    -o CMakeFiles/cmTC_d53ce.dir/CheckSymbolExists.c.o   -c /home/natanno4/Desktop/project/ex4/Nirnnat/cmake-build-debug/CMakeFiles/CMakeTmp/CheckSymbolExists.c
Linking C executable cmTC_d53ce
/opt/clion-2017.2.3/bin/cmake/bin/cmake -E cmake_link_script CMakeFiles/cmTC_d53ce.dir/link.txt --verbose=1
/usr/bin/cc      -rdynamic CMakeFiles/cmTC_d53ce.dir/CheckSymbolExists.c.o  -o cmTC_d53ce 
CMakeFiles/cmTC_d53ce.dir/CheckSymbolExists.c.o: In function `main':
CheckSymbolExists.c:(.text+0x16): undefined reference to `pthread_create'
collect2: error: ld returned 1 exit status
CMakeFiles/cmTC_d53ce.dir/build.make:97: recipe for target 'cmTC_d53ce' failed
make[1]: *** [cmTC_d53ce] Error 1
make[1]: Leaving directory '/home/natanno4/Desktop/project/ex4/Nirnnat/cmake-build-debug/CMakeFiles/CMakeTmp'
Makefile:126: recipe for target 'cmTC_d53ce/fast' failed
make: *** [cmTC_d53ce/fast] Error 2

File /home/natanno4/Desktop/project/ex4/Nirnnat/cmake-build-debug/CMakeFiles/CMakeTmp/CheckSymbolExists.c:
/* */
#include <pthread.h>

int main(int argc, char** argv)
{
  (void)argv;
#ifndef pthread_create
  return ((int*)(&pthread_create))[argc];
#else
  (void)argc;
  return 0;
#endif
}

